# JRE version: 7.0_17-b02
# Java VM: Java HotSpot(TM) 64-Bit Server VM (23.7-b01 mixed mode bsd-amd64 compressed oops)
Heap
 def new generation   total 22528K, used 19020K [0x00000007c0000000, 0x00000007c1870000, 0x00000007d0000000)
  eden space 20032K,  91% used [0x00000007c0000000, 0x00000007c11d71c8, 0x00000007c1390000)
  from space 2496K,  30% used [0x00000007c1390000, 0x00000007c144be78, 0x00000007c1600000)
  to   space 2496K,   0% used [0x00000007c1600000, 0x00000007c1600000, 0x00000007c1870000)
 tenured generation   total 49984K, used 45225K [0x00000007d0000000, 0x00000007d30d0000, 0x00000007f0000000)
   the space 49984K,  90% used [0x00000007d0000000, 0x00000007d2c2a6a8, 0x00000007d2c2a800, 0x00000007d30d0000)
 compacting perm gen  total 37568K, used 37567K [0x00000007f0000000, 0x00000007f24b0000, 0x0000000800000000)
   the space 37568K,  99% used [0x00000007f0000000, 0x00000007f24affd8, 0x00000007f24b0000, 0x00000007f24b0000)
GC Heap History (10 events):
Event: 11.987 GC heap after
Heap after GC invocations=169 (full 2):
 def new generation   total 22528K, used 1133K [0x00000007c0000000, 0x00000007c1870000, 0x00000007d0000000)
  eden space 20032K,   0% used [0x00000007c0000000, 0x00000007c0000000, 0x00000007c1390000)
  from space 2496K,  45% used [0x00000007c1390000, 0x00000007c14ab620, 0x00000007c1600000)
  to   space 2496K,   0% used [0x00000007c1600000, 0x00000007c1600000, 0x00000007c1870000)
 tenured generation   total 49984K, used 42557K [0x00000007d0000000, 0x00000007d30d0000, 0x00000007f0000000)
   the space 49984K,  85% used [0x00000007d0000000, 0x00000007d298f590, 0x00000007d298f600, 0x00000007d30d0000)
 compacting perm gen  total 36288K, used 36215K [0x00000007f0000000, 0x00000007f2370000, 0x0000000800000000)
   the space 36288K,  99% used [0x00000007f0000000, 0x00000007f235df70, 0x00000007f235e000, 0x00000007f2370000)
No shared spaces configured.
}
Event: 12.156 GC heap before
{Heap before GC invocations=169 (full 2):
 def new generation   total 22528K, used 21165K [0x00000007c0000000, 0x00000007c1870000, 0x00000007d0000000)
  eden space 20032K, 100% used [0x00000007c0000000, 0x00000007c1390000, 0x00000007c1390000)
  from space 2496K,  45% used [0x00000007c1390000, 0x00000007c14ab620, 0x00000007c1600000)
  to   space 2496K,   0% used [0x00000007c1600000, 0x00000007c1600000, 0x00000007c1870000)
 tenured generation   total 49984K, used 42557K [0x00000007d0000000, 0x00000007d30d0000, 0x00000007f0000000)
   the space 49984K,  85% used [0x00000007d0000000, 0x00000007d298f590, 0x00000007d298f600, 0x00000007d30d0000)
 compacting perm gen  total 36928K, used 36613K [0x00000007f0000000, 0x00000007f2410000, 0x0000000800000000)
   the space 36928K,  99% used [0x00000007f0000000, 0x00000007f23c1410, 0x00000007f23c1600, 0x00000007f2410000)
No shared spaces configured.
Event: 12.162 GC heap after
Heap after GC invocations=170 (full 2):
 def new generation   total 22528K, used 1952K [0x00000007c0000000, 0x00000007c1870000, 0x00000007d0000000)
  eden space 20032K,   0% used [0x00000007c0000000, 0x00000007c0000000, 0x00000007c1390000)
  from space 2496K,  78% used [0x00000007c1600000, 0x00000007c17e82b0, 0x00000007c1870000)
  to   space 2496K,   0% used [0x00000007c1390000, 0x00000007c1390000, 0x00000007c1600000)
 tenured generation   total 49984K, used 42557K [0x00000007d0000000, 0x00000007d30d0000, 0x00000007f0000000)
   the space 49984K,  85% used [0x00000007d0000000, 0x00000007d298f590, 0x00000007d298f600, 0x00000007d30d0000)
 compacting perm gen  total 36928K, used 36613K [0x00000007f0000000, 0x00000007f2410000, 0x0000000800000000)
   the space 36928K,  99% used [0x00000007f0000000, 0x00000007f23c1410, 0x00000007f23c1600, 0x00000007f2410000)
No shared spaces configured.
}
Event: 12.395 GC heap before
{Heap before GC invocations=170 (full 2):
 def new generation   total 22528K, used 21984K [0x00000007c0000000, 0x00000007c1870000, 0x00000007d0000000)
  eden space 20032K, 100% used [0x00000007c0000000, 0x00000007c1390000, 0x00000007c1390000)
  from space 2496K,  78% used [0x00000007c1600000, 0x00000007c17e82b0, 0x00000007c1870000)
  to   space 2496K,   0% used [0x00000007c1390000, 0x00000007c1390000, 0x00000007c1600000)
 tenured generation   total 49984K, used 42557K [0x00000007d0000000, 0x00000007d30d0000, 0x00000007f0000000)
   the space 49984K,  85% used [0x00000007d0000000, 0x00000007d298f590, 0x00000007d298f600, 0x00000007d30d0000)
 compacting perm gen  total 37248K, used 37125K [0x00000007f0000000, 0x00000007f2460000, 0x0000000800000000)
   the space 37248K,  99% used [0x00000007f0000000, 0x00000007f2441460, 0x00000007f2441600, 0x00000007f2460000)
No shared spaces configured.
Event: 12.403 GC heap after
Heap after GC invocations=171 (full 2):
 def new generation   total 22528K, used 1802K [0x00000007c0000000, 0x00000007c1870000, 0x00000007d0000000)
  eden space 20032K,   0% used [0x00000007c0000000, 0x00000007c0000000, 0x00000007c1390000)
  from space 2496K,  72% used [0x00000007c1390000, 0x00000007c15529b0, 0x00000007c1600000)
  to   space 2496K,   0% used [0x00000007c1600000, 0x00000007c1600000, 0x00000007c1870000)
 tenured generation   total 49984K, used 43586K [0x00000007d0000000, 0x00000007d30d0000, 0x00000007f0000000)
   the space 49984K,  87% used [0x00000007d0000000, 0x00000007d2a90820, 0x00000007d2a90a00, 0x00000007d30d0000)
 compacting perm gen  total 37248K, used 37125K [0x00000007f0000000, 0x00000007f2460000, 0x0000000800000000)
   the space 37248K,  99% used [0x00000007f0000000, 0x00000007f2441460, 0x00000007f2441600, 0x00000007f2460000)
No shared spaces configured.
}
Event: 12.543 GC heap before
{Heap before GC invocations=171 (full 2):
 def new generation   total 22528K, used 21834K [0x00000007c0000000, 0x00000007c1870000, 0x00000007d0000000)
  eden space 20032K, 100% used [0x00000007c0000000, 0x00000007c1390000, 0x00000007c1390000)
  from space 2496K,  72% used [0x00000007c1390000, 0x00000007c15529b0, 0x00000007c1600000)
  to   space 2496K,   0% used [0x00000007c1600000, 0x00000007c1600000, 0x00000007c1870000)
 tenured generation   total 49984K, used 43586K [0x00000007d0000000, 0x00000007d30d0000, 0x00000007f0000000)
   the space 49984K,  87% used [0x00000007d0000000, 0x00000007d2a90820, 0x00000007d2a90a00, 0x00000007d30d0000)
 compacting perm gen  total 37568K, used 37397K [0x00000007f0000000, 0x00000007f24b0000, 0x0000000800000000)
   the space 37568K,  99% used [0x00000007f0000000, 0x00000007f2485640, 0x00000007f2485800, 0x00000007f24b0000)
No shared spaces configured.
Event: 12.552 GC heap after
Heap after GC invocations=172 (full 2):
 def new generation   total 22528K, used 1503K [0x00000007c0000000, 0x00000007c1870000, 0x00000007d0000000)
  eden space 20032K,   0% used [0x00000007c0000000, 0x00000007c0000000, 0x00000007c1390000)
  from space 2496K,  60% used [0x00000007c1600000, 0x00000007c1777ce8, 0x00000007c1870000)
  to   space 2496K,   0% used [0x00000007c1390000, 0x00000007c1390000, 0x00000007c1600000)
 tenured generation   total 49984K, used 44278K [0x00000007d0000000, 0x00000007d30d0000, 0x00000007f0000000)
   the space 49984K,  88% used [0x00000007d0000000, 0x00000007d2b3dbc8, 0x00000007d2b3dc00, 0x00000007d30d0000)
 compacting perm gen  total 37568K, used 37397K [0x00000007f0000000, 0x00000007f24b0000, 0x0000000800000000)
   the space 37568K,  99% used [0x00000007f0000000, 0x00000007f2485640, 0x00000007f2485800, 0x00000007f24b0000)
No shared spaces configured.
}
Event: 12.607 GC heap before
{Heap before GC invocations=172 (full 2):
 def new generation   total 22528K, used 21535K [0x00000007c0000000, 0x00000007c1870000, 0x00000007d0000000)
  eden space 20032K, 100% used [0x00000007c0000000, 0x00000007c1390000, 0x00000007c1390000)
  from space 2496K,  60% used [0x00000007c1600000, 0x00000007c1777ce8, 0x00000007c1870000)
  to   space 2496K,   0% used [0x00000007c1390000, 0x00000007c1390000, 0x00000007c1600000)
 tenured generation   total 49984K, used 44278K [0x00000007d0000000, 0x00000007d30d0000, 0x00000007f0000000)
   the space 49984K,  88% used [0x00000007d0000000, 0x00000007d2b3dbc8, 0x00000007d2b3dc00, 0x00000007d30d0000)
 compacting perm gen  total 37568K, used 37460K [0x00000007f0000000, 0x00000007f24b0000, 0x0000000800000000)
   the space 37568K,  99% used [0x00000007f0000000, 0x00000007f2495278, 0x00000007f2495400, 0x00000007f24b0000)
No shared spaces configured.
Event: 12.613 GC heap after
Heap after GC invocations=173 (full 2):
 def new generation   total 22528K, used 751K [0x00000007c0000000, 0x00000007c1870000, 0x00000007d0000000)
  eden space 20032K,   0% used [0x00000007c0000000, 0x00000007c0000000, 0x00000007c1390000)
  from space 2496K,  30% used [0x00000007c1390000, 0x00000007c144be78, 0x00000007c1600000)
  to   space 2496K,   0% used [0x00000007c1600000, 0x00000007c1600000, 0x00000007c1870000)
 tenured generation   total 49984K, used 45225K [0x00000007d0000000, 0x00000007d30d0000, 0x00000007f0000000)
   the space 49984K,  90% used [0x00000007d0000000, 0x00000007d2c2a6a8, 0x00000007d2c2a800, 0x00000007d30d0000)
 compacting perm gen  total 37568K, used 37460K [0x00000007f0000000, 0x00000007f24b0000, 0x0000000800000000)
   the space 37568K,  99% used [0x00000007f0000000, 0x00000007f2495278, 0x00000007f2495400, 0x00000007f24b0000)
No shared spaces configured.
}
Event: 12.702 GC heap before
{Heap before GC invocations=173 (full 2):
 def new generation   total 22528K, used 19020K [0x00000007c0000000, 0x00000007c1870000, 0x00000007d0000000)
  eden space 20032K,  91% used [0x00000007c0000000, 0x00000007c11d71c8, 0x00000007c1390000)
  from space 2496K,  30% used [0x00000007c1390000, 0x00000007c144be78, 0x00000007c1600000)
  to   space 2496K,   0% used [0x00000007c1600000, 0x00000007c1600000, 0x00000007c1870000)
 tenured generation   total 49984K, used 45225K [0x00000007d0000000, 0x00000007d30d0000, 0x00000007f0000000)
   the space 49984K,  90% used [0x00000007d0000000, 0x00000007d2c2a6a8, 0x00000007d2c2a800, 0x00000007d30d0000)
 compacting perm gen  total 37568K, used 37567K [0x00000007f0000000, 0x00000007f24b0000, 0x0000000800000000)
   the space 37568K,  99% used [0x00000007f0000000, 0x00000007f24affd8, 0x00000007f24b0000, 0x00000007f24b0000)
No shared spaces configured.

