# JRE version: 7.0_17-b02
# Java VM: Java HotSpot(TM) 64-Bit Server VM (23.7-b01 mixed mode bsd-amd64 compressed oops)
Heap
 def new generation   total 35136K, used 20069K [0x00000007c0000000, 0x00000007c2610000, 0x00000007d0000000)
  eden space 31296K,  55% used [0x00000007c0000000, 0x00000007c10d9190, 0x00000007c1e90000)
  from space 3840K,  73% used [0x00000007c1e90000, 0x00000007c2150410, 0x00000007c2250000)
  to   space 3840K,   0% used [0x00000007c2250000, 0x00000007c2250000, 0x00000007c2610000)
 tenured generation   total 77872K, used 65088K [0x00000007d0000000, 0x00000007d4c0c000, 0x00000007f0000000)
   the space 77872K,  83% used [0x00000007d0000000, 0x00000007d3f90278, 0x00000007d3f90400, 0x00000007d4c0c000)
 compacting perm gen  total 43008K, used 43007K [0x00000007f0000000, 0x00000007f2a00000, 0x0000000800000000)
   the space 43008K,  99% used [0x00000007f0000000, 0x00000007f29fffe0, 0x00000007f2a00000, 0x00000007f2a00000)
GC Heap History (10 events):
Event: 1114.150 GC heap after
Heap after GC invocations=258 (full 48):
 def new generation   total 35136K, used 1089K [0x00000007c0000000, 0x00000007c2610000, 0x00000007d0000000)
  eden space 31296K,   0% used [0x00000007c0000000, 0x00000007c0000000, 0x00000007c1e90000)
  from space 3840K,  28% used [0x00000007c1e90000, 0x00000007c1fa05c0, 0x00000007c2250000)
  to   space 3840K,   0% used [0x00000007c2250000, 0x00000007c2250000, 0x00000007c2610000)
 tenured generation   total 77872K, used 63626K [0x00000007d0000000, 0x00000007d4c0c000, 0x00000007f0000000)
   the space 77872K,  81% used [0x00000007d0000000, 0x00000007d3e228d0, 0x00000007d3e22a00, 0x00000007d4c0c000)
 compacting perm gen  total 42368K, used 42213K [0x00000007f0000000, 0x00000007f2960000, 0x0000000800000000)
   the space 42368K,  99% used [0x00000007f0000000, 0x00000007f29395f0, 0x00000007f2939600, 0x00000007f2960000)
No shared spaces configured.
}
Event: 1537.539 GC heap before
{Heap before GC invocations=258 (full 48):
 def new generation   total 35136K, used 32385K [0x00000007c0000000, 0x00000007c2610000, 0x00000007d0000000)
  eden space 31296K, 100% used [0x00000007c0000000, 0x00000007c1e90000, 0x00000007c1e90000)
  from space 3840K,  28% used [0x00000007c1e90000, 0x00000007c1fa05c0, 0x00000007c2250000)
  to   space 3840K,   0% used [0x00000007c2250000, 0x00000007c2250000, 0x00000007c2610000)
 tenured generation   total 77872K, used 63626K [0x00000007d0000000, 0x00000007d4c0c000, 0x00000007f0000000)
   the space 77872K,  81% used [0x00000007d0000000, 0x00000007d3e228d0, 0x00000007d3e22a00, 0x00000007d4c0c000)
 compacting perm gen  total 42688K, used 42376K [0x00000007f0000000, 0x00000007f29b0000, 0x0000000800000000)
   the space 42688K,  99% used [0x00000007f0000000, 0x00000007f2962130, 0x00000007f2962200, 0x00000007f29b0000)
No shared spaces configured.
Event: 1537.544 GC heap after
Heap after GC invocations=259 (full 48):
 def new generation   total 35136K, used 1474K [0x00000007c0000000, 0x00000007c2610000, 0x00000007d0000000)
  eden space 31296K,   0% used [0x00000007c0000000, 0x00000007c0000000, 0x00000007c1e90000)
  from space 3840K,  38% used [0x00000007c2250000, 0x00000007c23c0af0, 0x00000007c2610000)
  to   space 3840K,   0% used [0x00000007c1e90000, 0x00000007c1e90000, 0x00000007c2250000)
 tenured generation   total 77872K, used 63626K [0x00000007d0000000, 0x00000007d4c0c000, 0x00000007f0000000)
   the space 77872K,  81% used [0x00000007d0000000, 0x00000007d3e228d0, 0x00000007d3e22a00, 0x00000007d4c0c000)
 compacting perm gen  total 42688K, used 42376K [0x00000007f0000000, 0x00000007f29b0000, 0x0000000800000000)
   the space 42688K,  99% used [0x00000007f0000000, 0x00000007f2962130, 0x00000007f2962200, 0x00000007f29b0000)
No shared spaces configured.
}
Event: 1980.303 GC heap before
{Heap before GC invocations=259 (full 48):
 def new generation   total 35136K, used 31735K [0x00000007c0000000, 0x00000007c2610000, 0x00000007d0000000)
  eden space 31296K,  96% used [0x00000007c0000000, 0x00000007c1d8d340, 0x00000007c1e90000)
  from space 3840K,  38% used [0x00000007c2250000, 0x00000007c23c0af0, 0x00000007c2610000)
  to   space 3840K,   0% used [0x00000007c1e90000, 0x00000007c1e90000, 0x00000007c2250000)
 tenured generation   total 77872K, used 63626K [0x00000007d0000000, 0x00000007d4c0c000, 0x00000007f0000000)
   the space 77872K,  81% used [0x00000007d0000000, 0x00000007d3e228d0, 0x00000007d3e22a00, 0x00000007d4c0c000)
 compacting perm gen  total 42688K, used 42450K [0x00000007f0000000, 0x00000007f29b0000, 0x0000000800000000)
   the space 42688K,  99% used [0x00000007f0000000, 0x00000007f29748c0, 0x00000007f2974a00, 0x00000007f29b0000)
No shared spaces configured.
Event: 1980.310 GC heap after
Heap after GC invocations=260 (full 48):
 def new generation   total 35136K, used 2913K [0x00000007c0000000, 0x00000007c2610000, 0x00000007d0000000)
  eden space 31296K,   0% used [0x00000007c0000000, 0x00000007c0000000, 0x00000007c1e90000)
  from space 3840K,  75% used [0x00000007c1e90000, 0x00000007c2168508, 0x00000007c2250000)
  to   space 3840K,   0% used [0x00000007c2250000, 0x00000007c2250000, 0x00000007c2610000)
 tenured generation   total 77872K, used 63626K [0x00000007d0000000, 0x00000007d4c0c000, 0x00000007f0000000)
   the space 77872K,  81% used [0x00000007d0000000, 0x00000007d3e228d0, 0x00000007d3e22a00, 0x00000007d4c0c000)
 compacting perm gen  total 42688K, used 42450K [0x00000007f0000000, 0x00000007f29b0000, 0x0000000800000000)
   the space 42688K,  99% used [0x00000007f0000000, 0x00000007f29748c0, 0x00000007f2974a00, 0x00000007f29b0000)
No shared spaces configured.
}
Event: 1980.415 GC heap before
{Heap before GC invocations=260 (full 48):
 def new generation   total 35136K, used 34209K [0x00000007c0000000, 0x00000007c2610000, 0x00000007d0000000)
  eden space 31296K, 100% used [0x00000007c0000000, 0x00000007c1e90000, 0x00000007c1e90000)
  from space 3840K,  75% used [0x00000007c1e90000, 0x00000007c2168508, 0x00000007c2250000)
  to   space 3840K,   0% used [0x00000007c2250000, 0x00000007c2250000, 0x00000007c2610000)
 tenured generation   total 77872K, used 63626K [0x00000007d0000000, 0x00000007d4c0c000, 0x00000007f0000000)
   the space 77872K,  81% used [0x00000007d0000000, 0x00000007d3e228d0, 0x00000007d3e22a00, 0x00000007d4c0c000)
 compacting perm gen  total 43008K, used 42724K [0x00000007f0000000, 0x00000007f2a00000, 0x0000000800000000)
   the space 43008K,  99% used [0x00000007f0000000, 0x00000007f29b90a8, 0x00000007f29b9200, 0x00000007f2a00000)
No shared spaces configured.
Event: 1980.423 GC heap after
Heap after GC invocations=261 (full 48):
 def new generation   total 35136K, used 1085K [0x00000007c0000000, 0x00000007c2610000, 0x00000007d0000000)
  eden space 31296K,   0% used [0x00000007c0000000, 0x00000007c0000000, 0x00000007c1e90000)
  from space 3840K,  28% used [0x00000007c2250000, 0x00000007c235f430, 0x00000007c2610000)
  to   space 3840K,   0% used [0x00000007c1e90000, 0x00000007c1e90000, 0x00000007c2250000)
 tenured generation   total 77872K, used 65088K [0x00000007d0000000, 0x00000007d4c0c000, 0x00000007f0000000)
   the space 77872K,  83% used [0x00000007d0000000, 0x00000007d3f90278, 0x00000007d3f90400, 0x00000007d4c0c000)
 compacting perm gen  total 43008K, used 42724K [0x00000007f0000000, 0x00000007f2a00000, 0x0000000800000000)
   the space 43008K,  99% used [0x00000007f0000000, 0x00000007f29b90a8, 0x00000007f29b9200, 0x00000007f2a00000)
No shared spaces configured.
}
Event: 2248.049 GC heap before
{Heap before GC invocations=261 (full 48):
 def new generation   total 35136K, used 32381K [0x00000007c0000000, 0x00000007c2610000, 0x00000007d0000000)
  eden space 31296K, 100% used [0x00000007c0000000, 0x00000007c1e90000, 0x00000007c1e90000)
  from space 3840K,  28% used [0x00000007c2250000, 0x00000007c235f430, 0x00000007c2610000)
  to   space 3840K,   0% used [0x00000007c1e90000, 0x00000007c1e90000, 0x00000007c2250000)
 tenured generation   total 77872K, used 65088K [0x00000007d0000000, 0x00000007d4c0c000, 0x00000007f0000000)
   the space 77872K,  83% used [0x00000007d0000000, 0x00000007d3f90278, 0x00000007d3f90400, 0x00000007d4c0c000)
 compacting perm gen  total 43008K, used 42998K [0x00000007f0000000, 0x00000007f2a00000, 0x0000000800000000)
   the space 43008K,  99% used [0x00000007f0000000, 0x00000007f29fd9a8, 0x00000007f29fda00, 0x00000007f2a00000)
No shared spaces configured.
Event: 2248.055 GC heap after
Heap after GC invocations=262 (full 48):
 def new generation   total 35136K, used 2817K [0x00000007c0000000, 0x00000007c2610000, 0x00000007d0000000)
  eden space 31296K,   0% used [0x00000007c0000000, 0x00000007c0000000, 0x00000007c1e90000)
  from space 3840K,  73% used [0x00000007c1e90000, 0x00000007c2150410, 0x00000007c2250000)
  to   space 3840K,   0% used [0x00000007c2250000, 0x00000007c2250000, 0x00000007c2610000)
 tenured generation   total 77872K, used 65088K [0x00000007d0000000, 0x00000007d4c0c000, 0x00000007f0000000)
   the space 77872K,  83% used [0x00000007d0000000, 0x00000007d3f90278, 0x00000007d3f90400, 0x00000007d4c0c000)
 compacting perm gen  total 43008K, used 42998K [0x00000007f0000000, 0x00000007f2a00000, 0x0000000800000000)
   the space 43008K,  99% used [0x00000007f0000000, 0x00000007f29fd9a8, 0x00000007f29fda00, 0x00000007f2a00000)
No shared spaces configured.
}
Event: 2248.126 GC heap before
{Heap before GC invocations=262 (full 48):
 def new generation   total 35136K, used 20069K [0x00000007c0000000, 0x00000007c2610000, 0x00000007d0000000)
  eden space 31296K,  55% used [0x00000007c0000000, 0x00000007c10d9190, 0x00000007c1e90000)
  from space 3840K,  73% used [0x00000007c1e90000, 0x00000007c2150410, 0x00000007c2250000)
  to   space 3840K,   0% used [0x00000007c2250000, 0x00000007c2250000, 0x00000007c2610000)
 tenured generation   total 77872K, used 65088K [0x00000007d0000000, 0x00000007d4c0c000, 0x00000007f0000000)
   the space 77872K,  83% used [0x00000007d0000000, 0x00000007d3f90278, 0x00000007d3f90400, 0x00000007d4c0c000)
 compacting perm gen  total 43008K, used 43007K [0x00000007f0000000, 0x00000007f2a00000, 0x0000000800000000)
   the space 43008K,  99% used [0x00000007f0000000, 0x00000007f29fffe0, 0x00000007f2a00000, 0x00000007f2a00000)
No shared spaces configured.

